Added Component: Designator=D2(LED-3)
Added Component: Designator=D3(LED-3)
Added Component: Designator=EL1(RB-.2/.4)
Added Component: Designator=EL2(RB-.2/.4)
Added Component: Designator=EL3(RB-.3/.6)
Added Component: Designator=F1(Pin1)
Added Component: Designator=F2(Pin1)
Added Component: Designator=J1(CJ-25)
Added Component: Designator=J2(Pin1)
Added Component: Designator=J3(440068)
Added Component: Designator=J4(Pin1)
Added Component: Designator=J5(Pin1)
Added Component: Designator=J6(Pin1)
Added Component: Designator=J?(Pin1)
Added Component: Designator=R1(Axial-0.4)
Added Component: Designator=R2(Axial-0.4)
Added Pin To Net: NetName=NetD2_1 Pin=D2-1
Added Pin To Net: NetName=NetD1_A Pin=D2-2
Added Pin To Net: NetName=NetD3_1 Pin=D3-1
Added Pin To Net: NetName=NetEL1_1 Pin=EL1-1
Added Pin To Net: NetName=NetD1_A Pin=EL1-2
Added Pin To Net: NetName=NetEL2_1 Pin=EL2-1
Added Pin To Net: NetName=NetD1_A Pin=EL2-2
Added Pin To Net: NetName=NetEL2_1 Pin=EL3-1
Added Pin To Net: NetName=NetD1_A Pin=EL3-2
Added Pin To Net: NetName=NetEL2_1 Pin=F1-1
Added Pin To Net: NetName=NetF2_1 Pin=F2-1
Added Pin To Net: NetName=NetEL1_1 Pin=J1-1
Added Pin To Net: NetName=NetF2_1 Pin=J2-1
Added Pin To Net: NetName=NetF2_1 Pin=J3-1
Added Pin To Net: NetName=NetD1_A Pin=J3-4
Added Pin To Net: NetName=NetD1_A Pin=J3-5
Added Pin To Net: NetName=NetD1_A Pin=J3-6
Added Pin To Net: NetName=NetD1_A Pin=J4-1
Added Pin To Net: NetName=NetEL1_1 Pin=J5-1
Added Pin To Net: NetName=NetD2_1 Pin=R1-1
Added Pin To Net: NetName=NetF2_1 Pin=R1-2
Added Pin To Net: NetName=NetD3_1 Pin=R2-1
Added Pin To Net: NetName=NetEL1_1 Pin=R2-2
Added Pin To Net: NetName=NetD3_2 Pin=D3-2
Added Pin To Net: NetName=NetD3_2 Pin=J6-1
Added Net: Name=NetD3_2
Added Member To Class: ClassName=Schaltwandler Member=Component D2 LED
Added Member To Class: ClassName=Schaltwandler Member=Component D3 LED
Added Member To Class: ClassName=Schaltwandler Member=Component EL1 100µ / 16V
Added Member To Class: ClassName=Schaltwandler Member=Component EL2 100µ / 16V
Added Member To Class: ClassName=Schaltwandler Member=Component EL3 1000µ / 16V
Added Member To Class: ClassName=Schaltwandler Member=Component F1 CON1
Added Member To Class: ClassName=Schaltwandler Member=Component F2 CON1
Added Member To Class: ClassName=Schaltwandler Member=Component J1 DC-Buchse
Added Member To Class: ClassName=Schaltwandler Member=Component J2 CON1
Added Member To Class: ClassName=Schaltwandler Member=Component J3 440068-1
Added Member To Class: ClassName=Schaltwandler Member=Component J4 CON1
Added Member To Class: ClassName=Schaltwandler Member=Component J5 CON1
Added Member To Class: ClassName=Schaltwandler Member=Component J6 CON1
Added Member To Class: ClassName=Schaltwandler Member=Component J? CON1
Added Member To Class: ClassName=Schaltwandler Member=Component R1 330R
Added Member To Class: ClassName=Schaltwandler Member=Component R2 1k
